<?xml version="1.0" encoding="UTF-8"?>
<!-- Generated by org.testng.reporters.JUnitReportReporter -->
<testsuite hostname="89KJLH2" failures="0" tests="1" name="net.phptravels.signupTests.PositiveSignupTests" time="23.081" errors="0" timestamp="2021-09-15T20:48:32 ICT" skipped="0">
  <testcase classname="net.phptravels.signupTests.PositiveSignupTests" name="signupTest" time="23.081"/>
  <system-out/>
</testsuite> <!-- net.phptravels.signupTests.PositiveSignupTests -->
