<?xml version="1.0" encoding="UTF-8"?>
<!-- Generated by org.testng.reporters.JUnitReportReporter -->
<testsuite hostname="89KJLH2" failures="0" tests="1" name="net.phptravels.searchTests.SearchHotelTests" time="34.115" errors="0" timestamp="2021-09-20T20:35:29 ICT" skipped="0">
  <testcase classname="net.phptravels.searchTests.SearchHotelTests" name="SearchHotelTest" time="34.115"/>
  <system-out/>
</testsuite> <!-- net.phptravels.searchTests.SearchHotelTests -->
