<?xml version="1.0" encoding="UTF-8"?>
<!-- Generated by org.testng.reporters.JUnitReportReporter -->
<testsuite hostname="89KJLH2" failures="0" tests="1" name="net.phptravels.loginTests.PositiveLoginTests" time="26.135" errors="0" timestamp="2021-09-15T20:52:33 ICT" skipped="0">
  <testcase classname="net.phptravels.loginTests.PositiveLoginTests" name="loginTest" time="26.135"/>
  <system-out/>
</testsuite> <!-- net.phptravels.loginTests.PositiveLoginTests -->
